<?xml version="1.0" encoding="UTF-8" ?>
<testsuite 
errors="0" failures="0" hostname="maxim-nb" name="org.scalatest.tools.DiscoverySuite" tests="0" time="2.917" timestamp="2016-06-27T21:22:54">
  <properties>
    <property name="java.runtime.name" value="Java(TM) SE Runtime Environment">
    </property>
    <property 
    name="sun.boot.library.path" value="C:\Program Files\Java\jre1.8.0_92\bin">
</property>
    <property name="java.vm.version" value="25.92-b14"> </property>
    <property name="java.vm.vendor" value="Oracle Corporation"> </property>
    <property name="java.vendor.url" value="http://java.oracle.com/">
    </property>
    <property name="path.separator" value=";"> </property>
    <property name="java.vm.name" value="Java HotSpot(TM) 64-Bit Server VM">
    </property>
    <property name="file.encoding.pkg" value="sun.io"> </property>
    <property name="user.script" value=""> </property>
    <property name="user.country" value="RU"> </property>
    <property name="sun.java.launcher" value="SUN_STANDARD"> </property>
    <property name="sun.os.patch.level" value=""> </property>
    <property 
    name="java.vm.specification.name" value="Java Virtual Machine Specification">
</property>
    <property name="user.dir" value="D:\Scala\Module1\My-Skeleton-spark">
    </property>
    <property name="java.runtime.version" value="1.8.0_92-b14"> </property>
    <property 
    name="java.awt.graphicsenv" value="sun.awt.Win32GraphicsEnvironment">
</property>
    <property name="basedir" value="D:\Scala\Module1\My-Skeleton-spark">
    </property>
    <property 
    name="java.endorsed.dirs" value="C:\Program Files\Java\jre1.8.0_92\lib\endorsed">
</property>
    <property name="os.arch" value="amd64"> </property>
    <property 
    name="java.io.tmpdir" value="C:\Users\2BA0~1\AppData\Local\Temp\">
</property>
    <property name="line.separator" value=" "> </property>
    <property name="java.vm.specification.vendor" value="Oracle Corporation">
    </property>
    <property name="user.variant" value=""> </property>
    <property name="os.name" value="Windows 8.1"> </property>
    <property name="sun.jnu.encoding" value="Cp1251"> </property>
    <property 
    name="java.library.path" value="C:\ProgramData\Oracle\Java\javapath;C:\Windows\Sun\Java\bin;C:\Windows\system32;C:\Windows;C:\ProgramData\Oracle\Java\javapath;C:\Program Files\Broadcom\Broadcom 802.11 Network Adapter;;C:\Program Files (x86)\NVIDIA Corporation\PhysX\Common;C:\Program Files (x86)\Intel\iCLS Client\;C:\Program Files\Intel\iCLS Client\;C:\Windows\system32;C:\Windows;C:\Windows\System32\Wbem;C:\Windows\System32\WindowsPowerShell\v1.0\;C:\Program Files\Intel\Intel(R) Management Engine Components\DAL;C:\Program Files\Intel\Intel(R) Management Engine Components\IPT;C:\Program Files (x86)\Intel\Intel(R) Management Engine Components\DAL;C:\Program Files (x86)\Intel\Intel(R) Management Engine Components\IPT;C:\Program Files\WIDCOMM\Bluetooth Software\;C:\Program Files\WIDCOMM\Bluetooth Software\syswow64;C:\Program Files (x86)\Skype\Phone\;C:\Program Files\TortoiseGit\bin;C:\Program Files (x86)\sbt\\bin;D:\Scala\apache-maven-3.3.9\bin;.">
</property>
    <property 
    name="java.specification.name" value="Java Platform API Specification">
</property>
    <property name="java.class.version" value="52.0"> </property>
    <property 
    name="sun.management.compiler" value="HotSpot 64-Bit Tiered Compilers">
</property>
    <property name="os.version" value="6.3"> </property>
    <property name="user.home" value="C:\Users\Максим"> </property>
    <property name="user.timezone" value=""> </property>
    <property name="java.awt.printerjob" value="sun.awt.windows.WPrinterJob">
    </property>
    <property name="file.encoding" value="Cp1251"> </property>
    <property name="java.specification.version" value="1.8"> </property>
    <property name="user.name" value="Максим"> </property>
    <property 
    name="java.class.path" value="D:\Scala\Module1\My-Skeleton-spark\target\test-classes;D:\Scala\Module1\My-Skeleton-spark\target\classes;C:\Users\Максим\.m2\repository\org\apache\spark\spark-core_2.10\1.5.2\spark-core_2.10-1.5.2.jar;C:\Users\Максим\.m2\repository\org\apache\avro\avro-mapred\1.7.7\avro-mapred-1.7.7-hadoop2.jar;C:\Users\Максим\.m2\repository\org\apache\avro\avro-ipc\1.7.7\avro-ipc-1.7.7.jar;C:\Users\Максим\.m2\repository\org\apache\avro\avro-ipc\1.7.7\avro-ipc-1.7.7-tests.jar;C:\Users\Максим\.m2\repository\com\twitter\chill_2.10\0.5.0\chill_2.10-0.5.0.jar;C:\Users\Максим\.m2\repository\com\esotericsoftware\kryo\kryo\2.21\kryo-2.21.jar;C:\Users\Максим\.m2\repository\com\esotericsoftware\reflectasm\reflectasm\1.07\reflectasm-1.07-shaded.jar;C:\Users\Максим\.m2\repository\com\esotericsoftware\minlog\minlog\1.2\minlog-1.2.jar;C:\Users\Максим\.m2\repository\org\objenesis\objenesis\1.2\objenesis-1.2.jar;C:\Users\Максим\.m2\repository\com\twitter\chill-java\0.5.0\chill-java-0.5.0.jar;C:\Users\Максим\.m2\repository\org\apache\hadoop\hadoop-client\2.2.0\hadoop-client-2.2.0.jar;C:\Users\Максим\.m2\repository\org\apache\hadoop\hadoop-hdfs\2.2.0\hadoop-hdfs-2.2.0.jar;C:\Users\Максим\.m2\repository\org\apache\hadoop\hadoop-mapreduce-client-app\2.2.0\hadoop-mapreduce-client-app-2.2.0.jar;C:\Users\Максим\.m2\repository\org\apache\hadoop\hadoop-mapreduce-client-common\2.2.0\hadoop-mapreduce-client-common-2.2.0.jar;C:\Users\Максим\.m2\repository\org\apache\hadoop\hadoop-yarn-client\2.2.0\hadoop-yarn-client-2.2.0.jar;C:\Users\Максим\.m2\repository\com\google\inject\guice\3.0\guice-3.0.jar;C:\Users\Максим\.m2\repository\javax\inject\javax.inject\1\javax.inject-1.jar;C:\Users\Максим\.m2\repository\aopalliance\aopalliance\1.0\aopalliance-1.0.jar;C:\Users\Максим\.m2\repository\com\sun\jersey\jersey-test-framework\jersey-test-framework-grizzly2\1.9\jersey-test-framework-grizzly2-1.9.jar;C:\Users\Максим\.m2\repository\com\sun\jersey\jersey-test-framework\jersey-test-framework-core\1.9\jersey-test-framework-core-1.9.jar;C:\Users\Максим\.m2\repository\javax\servlet\javax.servlet-api\3.0.1\javax.servlet-api-3.0.1.jar;C:\Users\Максим\.m2\repository\com\sun\jersey\jersey-client\1.9\jersey-client-1.9.jar;C:\Users\Максим\.m2\repository\com\sun\jersey\jersey-grizzly2\1.9\jersey-grizzly2-1.9.jar;C:\Users\Максим\.m2\repository\org\glassfish\grizzly\grizzly-http\2.1.2\grizzly-http-2.1.2.jar;C:\Users\Максим\.m2\repository\org\glassfish\grizzly\grizzly-framework\2.1.2\grizzly-framework-2.1.2.jar;C:\Users\Максим\.m2\repository\org\glassfish\gmbal\gmbal-api-only\3.0.0-b023\gmbal-api-only-3.0.0-b023.jar;C:\Users\Максим\.m2\repository\org\glassfish\external\management-api\3.0.0-b012\management-api-3.0.0-b012.jar;C:\Users\Максим\.m2\repository\org\glassfish\grizzly\grizzly-http-server\2.1.2\grizzly-http-server-2.1.2.jar;C:\Users\Максим\.m2\repository\org\glassfish\grizzly\grizzly-rcm\2.1.2\grizzly-rcm-2.1.2.jar;C:\Users\Максим\.m2\repository\org\glassfish\grizzly\grizzly-http-servlet\2.1.2\grizzly-http-servlet-2.1.2.jar;C:\Users\Максим\.m2\repository\org\glassfish\javax.servlet\3.1\javax.servlet-3.1.jar;C:\Users\Максим\.m2\repository\com\sun\jersey\contribs\jersey-guice\1.9\jersey-guice-1.9.jar;C:\Users\Максим\.m2\repository\org\apache\hadoop\hadoop-yarn-server-common\2.2.0\hadoop-yarn-server-common-2.2.0.jar;C:\Users\Максим\.m2\repository\org\apache\hadoop\hadoop-mapreduce-client-shuffle\2.2.0\hadoop-mapreduce-client-shuffle-2.2.0.jar;C:\Users\Максим\.m2\repository\org\apache\hadoop\hadoop-yarn-api\2.2.0\hadoop-yarn-api-2.2.0.jar;C:\Users\Максим\.m2\repository\org\apache\hadoop\hadoop-mapreduce-client-core\2.2.0\hadoop-mapreduce-client-core-2.2.0.jar;C:\Users\Максим\.m2\repository\org\apache\hadoop\hadoop-yarn-common\2.2.0\hadoop-yarn-common-2.2.0.jar;C:\Users\Максим\.m2\repository\org\apache\hadoop\hadoop-mapreduce-client-jobclient\2.2.0\hadoop-mapreduce-client-jobclient-2.2.0.jar;C:\Users\Максим\.m2\repository\org\apache\spark\spark-launcher_2.10\1.5.2\spark-launcher_2.10-1.5.2.jar;C:\Users\Максим\.m2\repository\org\apache\spark\spark-network-common_2.10\1.5.2\spark-network-common_2.10-1.5.2.jar;C:\Users\Максим\.m2\repository\org\apache\spark\spark-network-shuffle_2.10\1.5.2\spark-network-shuffle_2.10-1.5.2.jar;C:\Users\Максим\.m2\repository\org\apache\spark\spark-unsafe_2.10\1.5.2\spark-unsafe_2.10-1.5.2.jar;C:\Users\Максим\.m2\repository\net\java\dev\jets3t\jets3t\0.7.1\jets3t-0.7.1.jar;C:\Users\Максим\.m2\repository\org\apache\curator\curator-recipes\2.4.0\curator-recipes-2.4.0.jar;C:\Users\Максим\.m2\repository\org\apache\curator\curator-framework\2.4.0\curator-framework-2.4.0.jar;C:\Users\Максим\.m2\repository\org\eclipse\jetty\orbit\javax.servlet\3.0.0.v201112011016\javax.servlet-3.0.0.v201112011016.jar;C:\Users\Максим\.m2\repository\org\apache\commons\commons-lang3\3.3.2\commons-lang3-3.3.2.jar;C:\Users\Максим\.m2\repository\org\apache\commons\commons-math3\3.4.1\commons-math3-3.4.1.jar;C:\Users\Максим\.m2\repository\com\google\code\findbugs\jsr305\1.3.9\jsr305-1.3.9.jar;C:\Users\Максим\.m2\repository\org\slf4j\jul-to-slf4j\1.7.10\jul-to-slf4j-1.7.10.jar;C:\Users\Максим\.m2\repository\org\slf4j\jcl-over-slf4j\1.7.10\jcl-over-slf4j-1.7.10.jar;C:\Users\Максим\.m2\repository\log4j\log4j\1.2.17\log4j-1.2.17.jar;C:\Users\Максим\.m2\repository\com\ning\compress-lzf\1.0.3\compress-lzf-1.0.3.jar;C:\Users\Максим\.m2\repository\org\xerial\snappy\snappy-java\1.1.1.7\snappy-java-1.1.1.7.jar;C:\Users\Максим\.m2\repository\net\jpountz\lz4\lz4\1.3.0\lz4-1.3.0.jar;C:\Users\Максим\.m2\repository\org\roaringbitmap\RoaringBitmap\0.4.5\RoaringBitmap-0.4.5.jar;C:\Users\Максим\.m2\repository\commons-net\commons-net\2.2\commons-net-2.2.jar;C:\Users\Максим\.m2\repository\com\typesafe\akka\akka-remote_2.10\2.3.11\akka-remote_2.10-2.3.11.jar;C:\Users\Максим\.m2\repository\com\typesafe\akka\akka-actor_2.10\2.3.11\akka-actor_2.10-2.3.11.jar;C:\Users\Максим\.m2\repository\com\typesafe\config\1.2.1\config-1.2.1.jar;C:\Users\Максим\.m2\repository\io\netty\netty\3.8.0.Final\netty-3.8.0.Final.jar;C:\Users\Максим\.m2\repository\org\uncommons\maths\uncommons-maths\1.2.2a\uncommons-maths-1.2.2a.jar;C:\Users\Максим\.m2\repository\com\typesafe\akka\akka-slf4j_2.10\2.3.11\akka-slf4j_2.10-2.3.11.jar;C:\Users\Максим\.m2\repository\org\json4s\json4s-jackson_2.10\3.2.10\json4s-jackson_2.10-3.2.10.jar;C:\Users\Максим\.m2\repository\org\json4s\json4s-core_2.10\3.2.10\json4s-core_2.10-3.2.10.jar;C:\Users\Максим\.m2\repository\org\json4s\json4s-ast_2.10\3.2.10\json4s-ast_2.10-3.2.10.jar;C:\Users\Максим\.m2\repository\org\scala-lang\scalap\2.10.0\scalap-2.10.0.jar;C:\Users\Максим\.m2\repository\org\scala-lang\scala-compiler\2.10.0\scala-compiler-2.10.0.jar;C:\Users\Максим\.m2\repository\com\sun\jersey\jersey-server\1.9\jersey-server-1.9.jar;C:\Users\Максим\.m2\repository\asm\asm\3.1\asm-3.1.jar;C:\Users\Максим\.m2\repository\com\sun\jersey\jersey-core\1.9\jersey-core-1.9.jar;C:\Users\Максим\.m2\repository\org\apache\mesos\mesos\0.21.1\mesos-0.21.1-shaded-protobuf.jar;C:\Users\Максим\.m2\repository\io\netty\netty-all\4.0.29.Final\netty-all-4.0.29.Final.jar;C:\Users\Максим\.m2\repository\com\clearspring\analytics\stream\2.7.0\stream-2.7.0.jar;C:\Users\Максим\.m2\repository\io\dropwizard\metrics\metrics-core\3.1.2\metrics-core-3.1.2.jar;C:\Users\Максим\.m2\repository\io\dropwizard\metrics\metrics-jvm\3.1.2\metrics-jvm-3.1.2.jar;C:\Users\Максим\.m2\repository\io\dropwizard\metrics\metrics-json\3.1.2\metrics-json-3.1.2.jar;C:\Users\Максим\.m2\repository\io\dropwizard\metrics\metrics-graphite\3.1.2\metrics-graphite-3.1.2.jar;C:\Users\Максим\.m2\repository\com\fasterxml\jackson\core\jackson-databind\2.4.4\jackson-databind-2.4.4.jar;C:\Users\Максим\.m2\repository\com\fasterxml\jackson\core\jackson-annotations\2.4.0\jackson-annotations-2.4.0.jar;C:\Users\Максим\.m2\repository\com\fasterxml\jackson\core\jackson-core\2.4.4\jackson-core-2.4.4.jar;C:\Users\Максим\.m2\repository\com\fasterxml\jackson\module\jackson-module-scala_2.10\2.4.4\jackson-module-scala_2.10-2.4.4.jar;C:\Users\Максим\.m2\repository\com\thoughtworks\paranamer\paranamer\2.6\paranamer-2.6.jar;C:\Users\Максим\.m2\repository\org\apache\ivy\ivy\2.4.0\ivy-2.4.0.jar;C:\Users\Максим\.m2\repository\oro\oro\2.0.8\oro-2.0.8.jar;C:\Users\Максим\.m2\repository\org\tachyonproject\tachyon-client\0.7.1\tachyon-client-0.7.1.jar;C:\Users\Максим\.m2\repository\org\tachyonproject\tachyon-underfs-hdfs\0.7.1\tachyon-underfs-hdfs-0.7.1.jar;C:\Users\Максим\.m2\repository\org\tachyonproject\tachyon-underfs-local\0.7.1\tachyon-underfs-local-0.7.1.jar;C:\Users\Максим\.m2\repository\net\razorvine\pyrolite\4.4\pyrolite-4.4.jar;C:\Users\Максим\.m2\repository\net\sf\py4j\py4j\0.8.2.1\py4j-0.8.2.1.jar;C:\Users\Максим\.m2\repository\org\spark-project\spark\unused\1.0.0\unused-1.0.0.jar;C:\Users\Максим\.m2\repository\com\github\nscala-time\nscala-time_2.10\2.0.0\nscala-time_2.10-2.0.0.jar;C:\Users\Максим\.m2\repository\joda-time\joda-time\2.7\joda-time-2.7.jar;C:\Users\Максим\.m2\repository\org\joda\joda-convert\1.2\joda-convert-1.2.jar;C:\Users\Максим\.m2\repository\mysql\mysql-connector-java\5.1.28\mysql-connector-java-5.1.28.jar;C:\Users\Максим\.m2\repository\org\scalaz\scalaz-core_2.10\7.1.3\scalaz-core_2.10-7.1.3.jar;C:\Users\Максим\.m2\repository\org\scalatest\scalatest_2.10\2.2.4\scalatest_2.10-2.2.4.jar;C:\Users\Максим\.m2\repository\org\scala-lang\scala-reflect\2.10.4\scala-reflect-2.10.4.jar;C:\Users\Максим\.m2\repository\com\holdenkarau\spark-testing-base_2.10\1.4.1_0.1.1\spark-testing-base_2.10-1.4.1_0.1.1.jar;C:\Users\Максим\.m2\repository\io\github\nicolasstucki\multisets_2.10\0.1\multisets_2.10-0.1.jar;C:\Users\Максим\.m2\repository\org\scalacheck\scalacheck_2.10\1.12.4\scalacheck_2.10-1.12.4.jar;C:\Users\Максим\.m2\repository\org\scala-sbt\test-interface\1.0\test-interface-1.0.jar;C:\Users\Максим\.m2\repository\junit\junit\4.10\junit-4.10.jar;C:\Users\Максим\.m2\repository\org\hamcrest\hamcrest-core\1.1\hamcrest-core-1.1.jar;C:\Users\Максим\.m2\repository\org\apache\spark\spark-streaming_2.10\1.5.2\spark-streaming_2.10-1.5.2.jar;C:\Users\Максим\.m2\repository\org\apache\spark\spark-streaming-kafka_2.10\1.5.2\spark-streaming-kafka_2.10-1.5.2.jar;C:\Users\Максим\.m2\repository\org\apache\kafka\kafka_2.10\0.8.2.1\kafka_2.10-0.8.2.1.jar;C:\Users\Максим\.m2\repository\com\yammer\metrics\metrics-core\2.2.0\metrics-core-2.2.0.jar;C:\Users\Максим\.m2\repository\org\apache\kafka\kafka-clients\0.8.2.1\kafka-clients-0.8.2.1.jar;C:\Users\Максим\.m2\repository\com\101tec\zkclient\0.3\zkclient-0.3.jar;C:\Users\Максим\.m2\repository\org\apache\hadoop\hadoop-common\2.6.0\hadoop-common-2.6.0.jar;C:\Users\Максим\.m2\repository\org\apache\hadoop\hadoop-annotations\2.6.0\hadoop-annotations-2.6.0.jar;C:\Program Files\Java\jdk1.8.0_92\jre\..\lib\tools.jar;C:\Users\Максим\.m2\repository\com\google\guava\guava\11.0.2\guava-11.0.2.jar;C:\Users\Максим\.m2\repository\commons-cli\commons-cli\1.2\commons-cli-1.2.jar;C:\Users\Максим\.m2\repository\xmlenc\xmlenc\0.52\xmlenc-0.52.jar;C:\Users\Максим\.m2\repository\commons-httpclient\commons-httpclient\3.1\commons-httpclient-3.1.jar;C:\Users\Максим\.m2\repository\commons-codec\commons-codec\1.4\commons-codec-1.4.jar;C:\Users\Максим\.m2\repository\commons-io\commons-io\2.4\commons-io-2.4.jar;C:\Users\Максим\.m2\repository\commons-collections\commons-collections\3.2.1\commons-collections-3.2.1.jar;C:\Users\Максим\.m2\repository\javax\servlet\servlet-api\2.5\servlet-api-2.5.jar;C:\Users\Максим\.m2\repository\org\mortbay\jetty\jetty\6.1.26\jetty-6.1.26.jar;C:\Users\Максим\.m2\repository\org\mortbay\jetty\jetty-util\6.1.26\jetty-util-6.1.26.jar;C:\Users\Максим\.m2\repository\com\sun\jersey\jersey-json\1.9\jersey-json-1.9.jar;C:\Users\Максим\.m2\repository\org\codehaus\jettison\jettison\1.1\jettison-1.1.jar;C:\Users\Максим\.m2\repository\com\sun\xml\bind\jaxb-impl\2.2.3-1\jaxb-impl-2.2.3-1.jar;C:\Users\Максим\.m2\repository\javax\xml\bind\jaxb-api\2.2.2\jaxb-api-2.2.2.jar;C:\Users\Максим\.m2\repository\javax\xml\stream\stax-api\1.0-2\stax-api-1.0-2.jar;C:\Users\Максим\.m2\repository\javax\activation\activation\1.1\activation-1.1.jar;C:\Users\Максим\.m2\repository\org\codehaus\jackson\jackson-jaxrs\1.8.3\jackson-jaxrs-1.8.3.jar;C:\Users\Максим\.m2\repository\org\codehaus\jackson\jackson-xc\1.8.3\jackson-xc-1.8.3.jar;C:\Users\Максим\.m2\repository\tomcat\jasper-compiler\5.5.23\jasper-compiler-5.5.23.jar;C:\Users\Максим\.m2\repository\tomcat\jasper-runtime\5.5.23\jasper-runtime-5.5.23.jar;C:\Users\Максим\.m2\repository\javax\servlet\jsp\jsp-api\2.1\jsp-api-2.1.jar;C:\Users\Максим\.m2\repository\commons-el\commons-el\1.0\commons-el-1.0.jar;C:\Users\Максим\.m2\repository\commons-logging\commons-logging\1.1.3\commons-logging-1.1.3.jar;C:\Users\Максим\.m2\repository\commons-lang\commons-lang\2.6\commons-lang-2.6.jar;C:\Users\Максим\.m2\repository\commons-configuration\commons-configuration\1.6\commons-configuration-1.6.jar;C:\Users\Максим\.m2\repository\commons-digester\commons-digester\1.8\commons-digester-1.8.jar;C:\Users\Максим\.m2\repository\commons-beanutils\commons-beanutils\1.7.0\commons-beanutils-1.7.0.jar;C:\Users\Максим\.m2\repository\commons-beanutils\commons-beanutils-core\1.8.0\commons-beanutils-core-1.8.0.jar;C:\Users\Максим\.m2\repository\org\slf4j\slf4j-log4j12\1.7.5\slf4j-log4j12-1.7.5.jar;C:\Users\Максим\.m2\repository\org\codehaus\jackson\jackson-core-asl\1.9.13\jackson-core-asl-1.9.13.jar;C:\Users\Максим\.m2\repository\org\codehaus\jackson\jackson-mapper-asl\1.9.13\jackson-mapper-asl-1.9.13.jar;C:\Users\Максим\.m2\repository\org\apache\avro\avro\1.7.4\avro-1.7.4.jar;C:\Users\Максим\.m2\repository\com\google\protobuf\protobuf-java\2.5.0\protobuf-java-2.5.0.jar;C:\Users\Максим\.m2\repository\com\google\code\gson\gson\2.2.4\gson-2.2.4.jar;C:\Users\Максим\.m2\repository\org\apache\hadoop\hadoop-auth\2.6.0\hadoop-auth-2.6.0.jar;C:\Users\Максим\.m2\repository\org\apache\httpcomponents\httpclient\4.2.5\httpclient-4.2.5.jar;C:\Users\Максим\.m2\repository\org\apache\httpcomponents\httpcore\4.2.4\httpcore-4.2.4.jar;C:\Users\Максим\.m2\repository\org\apache\directory\server\apacheds-kerberos-codec\2.0.0-M15\apacheds-kerberos-codec-2.0.0-M15.jar;C:\Users\Максим\.m2\repository\org\apache\directory\server\apacheds-i18n\2.0.0-M15\apacheds-i18n-2.0.0-M15.jar;C:\Users\Максим\.m2\repository\org\apache\directory\api\api-asn1-api\1.0.0-M20\api-asn1-api-1.0.0-M20.jar;C:\Users\Максим\.m2\repository\org\apache\directory\api\api-util\1.0.0-M20\api-util-1.0.0-M20.jar;C:\Users\Максим\.m2\repository\com\jcraft\jsch\0.1.42\jsch-0.1.42.jar;C:\Users\Максим\.m2\repository\org\apache\curator\curator-client\2.6.0\curator-client-2.6.0.jar;C:\Users\Максим\.m2\repository\org\htrace\htrace-core\3.0.4\htrace-core-3.0.4.jar;C:\Users\Максим\.m2\repository\org\apache\zookeeper\zookeeper\3.4.6\zookeeper-3.4.6.jar;C:\Users\Максим\.m2\repository\org\apache\commons\commons-compress\1.4.1\commons-compress-1.4.1.jar;C:\Users\Максим\.m2\repository\org\tukaani\xz\1.0\xz-1.0.jar;C:\Users\Максим\.m2\repository\org\slf4j\slf4j-api\1.7.5\slf4j-api-1.7.5.jar;C:\Users\Максим\.m2\repository\org\scalamock\scalamock-scalatest-support_2.10\3.2\scalamock-scalatest-support_2.10-3.2.jar;C:\Users\Максим\.m2\repository\org\scalamock\scalamock-core_2.10\3.2\scalamock-core_2.10-3.2.jar;C:\Users\Максим\.m2\repository\org\scalanlp\breeze_2.10\0.9\breeze_2.10-0.9.jar;C:\Users\Максим\.m2\repository\org\scalanlp\breeze-macros_2.10\0.3.1\breeze-macros_2.10-0.3.1.jar;C:\Users\Максим\.m2\repository\org\scalamacros\quasiquotes_2.10\2.0.0-M8\quasiquotes_2.10-2.0.0-M8.jar;C:\Users\Максим\.m2\repository\com\github\fommil\netlib\core\1.1.2\core-1.1.2.jar;C:\Users\Максим\.m2\repository\net\sourceforge\f2j\arpack_combined_all\0.1\arpack_combined_all-0.1.jar;C:\Users\Максим\.m2\repository\net\sf\opencsv\opencsv\2.3\opencsv-2.3.jar;C:\Users\Максим\.m2\repository\com\github\rwl\jtransforms\2.4.0\jtransforms-2.4.0.jar;C:\Users\Максим\.m2\repository\org\spire-math\spire_2.10\0.7.4\spire_2.10-0.7.4.jar;C:\Users\Максим\.m2\repository\org\spire-math\spire-macros_2.10\0.7.4\spire-macros_2.10-0.7.4.jar;C:\Users\Максим\.m2\repository\org\scala-lang\scala-library\2.10.4\scala-library-2.10.4.jar;C:\Users\Максим\.m2\repository\com\twitter\parquet-hadoop\1.6.0\parquet-hadoop-1.6.0.jar;C:\Users\Максим\.m2\repository\com\twitter\parquet-column\1.6.0\parquet-column-1.6.0.jar;C:\Users\Максим\.m2\repository\com\twitter\parquet-common\1.6.0\parquet-common-1.6.0.jar;C:\Users\Максим\.m2\repository\com\twitter\parquet-encoding\1.6.0\parquet-encoding-1.6.0.jar;C:\Users\Максим\.m2\repository\com\twitter\parquet-generator\1.6.0\parquet-generator-1.6.0.jar;C:\Users\Максим\.m2\repository\com\twitter\parquet-format\2.2.0-rc1\parquet-format-2.2.0-rc1.jar;C:\Users\Максим\.m2\repository\com\twitter\parquet-jackson\1.6.0\parquet-jackson-1.6.0.jar;C:\Users\Максим\.m2\repository\com\twitter\parquet-hive-bundle\1.6.0\parquet-hive-bundle-1.6.0.jar;C:\Users\Максим\.m2\repository\org\apache\spark\spark-sql_2.10\1.5.2\spark-sql_2.10-1.5.2.jar;C:\Users\Максим\.m2\repository\org\apache\spark\spark-catalyst_2.10\1.5.2\spark-catalyst_2.10-1.5.2.jar;C:\Users\Максим\.m2\repository\org\codehaus\janino\janino\2.7.8\janino-2.7.8.jar;C:\Users\Максим\.m2\repository\org\codehaus\janino\commons-compiler\2.7.8\commons-compiler-2.7.8.jar;C:\Users\Максим\.m2\repository\org\apache\parquet\parquet-column\1.7.0\parquet-column-1.7.0.jar;C:\Users\Максим\.m2\repository\org\apache\parquet\parquet-common\1.7.0\parquet-common-1.7.0.jar;C:\Users\Максим\.m2\repository\org\apache\parquet\parquet-encoding\1.7.0\parquet-encoding-1.7.0.jar;C:\Users\Максим\.m2\repository\org\apache\parquet\parquet-generator\1.7.0\parquet-generator-1.7.0.jar;C:\Users\Максим\.m2\repository\org\apache\parquet\parquet-hadoop\1.7.0\parquet-hadoop-1.7.0.jar;C:\Users\Максим\.m2\repository\org\apache\parquet\parquet-format\2.3.0-incubating\parquet-format-2.3.0-incubating.jar;C:\Users\Максим\.m2\repository\org\apache\parquet\parquet-jackson\1.7.0\parquet-jackson-1.7.0.jar;C:\Users\Максим\.m2\repository\com\datastax\spark\spark-cassandra-connector_2.10\1.3.0\spark-cassandra-connector_2.10-1.3.0.jar;C:\Users\Максим\.m2\repository\org\apache\cassandra\cassandra-clientutil\2.1.5\cassandra-clientutil-2.1.5.jar;C:\Users\Максим\.m2\repository\com\twitter\jsr166e\1.1.0\jsr166e-1.1.0.jar;C:\Users\Максим\.m2\repository\org\apache\spark\spark-hive_2.10\1.3.0\spark-hive_2.10-1.3.0.jar;C:\Users\Максим\.m2\repository\org\spark-project\hive\hive-metastore\0.13.1a\hive-metastore-0.13.1a.jar;C:\Users\Максим\.m2\repository\org\spark-project\hive\hive-shims\0.13.1a\hive-shims-0.13.1a.jar;C:\Users\Максим\.m2\repository\org\spark-project\hive\shims\hive-shims-common\0.13.1a\hive-shims-common-0.13.1a.jar;C:\Users\Максим\.m2\repository\org\spark-project\hive\shims\hive-shims-0.20\0.13.1a\hive-shims-0.20-0.13.1a.jar;C:\Users\Максим\.m2\repository\org\spark-project\hive\shims\hive-shims-common-secure\0.13.1a\hive-shims-common-secure-0.13.1a.jar;C:\Users\Максим\.m2\repository\org\spark-project\hive\shims\hive-shims-0.20S\0.13.1a\hive-shims-0.20S-0.13.1a.jar;C:\Users\Максим\.m2\repository\org\spark-project\hive\shims\hive-shims-0.23\0.13.1a\hive-shims-0.23-0.13.1a.jar;C:\Users\Максим\.m2\repository\com\jolbox\bonecp\0.8.0.RELEASE\bonecp-0.8.0.RELEASE.jar;C:\Users\Максим\.m2\repository\org\apache\derby\derby\10.10.1.1\derby-10.10.1.1.jar;C:\Users\Максим\.m2\repository\org\datanucleus\datanucleus-api-jdo\3.2.6\datanucleus-api-jdo-3.2.6.jar;C:\Users\Максим\.m2\repository\org\datanucleus\datanucleus-core\3.2.10\datanucleus-core-3.2.10.jar;C:\Users\Максим\.m2\repository\org\datanucleus\datanucleus-rdbms\3.2.9\datanucleus-rdbms-3.2.9.jar;C:\Users\Максим\.m2\repository\javax\jdo\jdo-api\3.0.1\jdo-api-3.0.1.jar;C:\Users\Максим\.m2\repository\javax\transaction\jta\1.1\jta-1.1.jar;C:\Users\Максим\.m2\repository\org\antlr\antlr-runtime\3.4\antlr-runtime-3.4.jar;C:\Users\Максим\.m2\repository\org\antlr\stringtemplate\3.2.1\stringtemplate-3.2.1.jar;C:\Users\Максим\.m2\repository\antlr\antlr\2.7.7\antlr-2.7.7.jar;C:\Users\Максим\.m2\repository\org\apache\thrift\libfb303\0.9.0\libfb303-0.9.0.jar;C:\Users\Максим\.m2\repository\org\apache\thrift\libthrift\0.9.0\libthrift-0.9.0.jar;C:\Users\Максим\.m2\repository\org\spark-project\hive\hive-exec\0.13.1a\hive-exec-0.13.1a.jar;C:\Users\Максим\.m2\repository\org\spark-project\hive\hive-ant\0.13.1a\hive-ant-0.13.1a.jar;C:\Users\Максим\.m2\repository\org\apache\velocity\velocity\1.5\velocity-1.5.jar;C:\Users\Максим\.m2\repository\org\spark-project\hive\hive-common\0.13.1a\hive-common-0.13.1a.jar;C:\Users\Максим\.m2\repository\com\twitter\parquet-hadoop-bundle\1.3.2\parquet-hadoop-bundle-1.3.2.jar;C:\Users\Максим\.m2\repository\javolution\javolution\5.5.1\javolution-5.5.1.jar;C:\Users\Максим\.m2\repository\org\antlr\ST4\4.0.4\ST4-4.0.4.jar;C:\Users\Максим\.m2\repository\org\apache\ant\ant\1.9.1\ant-1.9.1.jar;C:\Users\Максим\.m2\repository\org\apache\ant\ant-launcher\1.9.1\ant-launcher-1.9.1.jar;C:\Users\Максим\.m2\repository\org\codehaus\groovy\groovy-all\2.1.6\groovy-all-2.1.6.jar;C:\Users\Максим\.m2\repository\org\spark-project\protobuf\protobuf-java\2.5.0-spark\protobuf-java-2.5.0-spark.jar;C:\Users\Максим\.m2\repository\com\googlecode\javaewah\JavaEWAH\0.3.2\JavaEWAH-0.3.2.jar;C:\Users\Максим\.m2\repository\org\iq80\snappy\snappy\0.2\snappy-0.2.jar;C:\Users\Максим\.m2\repository\org\json\json\20090211\json-20090211.jar;C:\Users\Максим\.m2\repository\stax\stax-api\1.0.1\stax-api-1.0.1.jar;C:\Users\Максим\.m2\repository\org\spark-project\hive\hive-serde\0.13.1a\hive-serde-0.13.1a.jar;C:\Users\Максим\.m2\repository\com\datastax\cassandra\cassandra-driver-core\2.1.4\cassandra-driver-core-2.1.4.jar;C:\Users\Максим\.m2\repository\com\codahale\metrics\metrics-core\3.0.2\metrics-core-3.0.2.jar">
</property>
    <property name="java.vm.specification.version" value="1.8"> </property>
    <property name="sun.arch.data.model" value="64"> </property>
    <property name="java.home" value="C:\Program Files\Java\jre1.8.0_92">
    </property>
    <property 
    name="sun.java.command" value="org.scalatest.tools.Runner -R D:\Scala\Module1\My-Skeleton-spark\target\classes D:\Scala\Module1\My-Skeleton-spark\target\test-classes -o -fWDF D:\Scala\Module1\My-Skeleton-spark\target\surefire-reports\TestSuite.txt -u D:\Scala\Module1\My-Skeleton-spark\target\surefire-reports\.">
</property>
    <property name="java.specification.vendor" value="Oracle Corporation">
    </property>
    <property name="user.language" value="ru"> </property>
    <property name="awt.toolkit" value="sun.awt.windows.WToolkit"> </property>
    <property name="java.vm.info" value="mixed mode"> </property>
    <property name="java.version" value="1.8.0_92"> </property>
    <property 
    name="java.ext.dirs" value="C:\Program Files\Java\jre1.8.0_92\lib\ext;C:\Windows\Sun\Java\lib\ext">
</property>
    <property 
    name="sun.boot.class.path" value="C:\Program Files\Java\jre1.8.0_92\lib\resources.jar;C:\Program Files\Java\jre1.8.0_92\lib\rt.jar;C:\Program Files\Java\jre1.8.0_92\lib\sunrsasign.jar;C:\Program Files\Java\jre1.8.0_92\lib\jsse.jar;C:\Program Files\Java\jre1.8.0_92\lib\jce.jar;C:\Program Files\Java\jre1.8.0_92\lib\charsets.jar;C:\Program Files\Java\jre1.8.0_92\lib\jfr.jar;C:\Program Files\Java\jre1.8.0_92\classes">
</property>
    <property name="java.vendor" value="Oracle Corporation"> </property>
    <property name="file.separator" value="\"> </property>
    <property 
    name="java.vendor.url.bug" value="http://bugreport.sun.com/bugreport/">
</property>
    <property name="sun.cpu.endian" value="little"> </property>
    <property name="sun.io.unicode.encoding" value="UnicodeLittle"> </property>
    <property name="sun.desktop" value="windows"> </property>
    <property name="sun.cpu.isalist" value="amd64"> </property>
  </properties>
  <system-out><![CDATA[]]></system-out>
  <system-err><![CDATA[]]></system-err>
</testsuite>
